# JRE version: Java(TM) SE Runtime Environment (14.0.1+7) (build 14.0.1+7)
# Java VM: Java HotSpot(TM) 64-Bit Server VM (14.0.1+7, mixed mode, sharing, tiered, compressed oops, g1 gc, windows-amd64)
Heap:
 garbage-first heap   total 262144K, used 99598K [0x00000000e0000000, 0x0000000100000000)
  region size 1024K, 90 young (92160K), 17 survivors (17408K)
 Metaspace       used 38932K, capacity 40208K, committed 40528K, reserved 290816K
  class space    used 5483K, capacity 5904K, committed 6016K, reserved 253952K
GC Heap History (10 events):
Event: 0.958 GC heap before
{Heap before GC invocations=0 (full 0):
 garbage-first heap   total 262144K, used 18432K [0x00000000e0000000, 0x0000000100000000)
  region size 1024K, 13 young (13312K), 0 survivors (0K)
 Metaspace       used 1752K, capacity 5132K, committed 5504K, reserved 262144K
  class space    used 185K, capacity 518K, committed 640K, reserved 253952K
}
Event: 0.964 GC heap after
{Heap after GC invocations=1 (full 0):
 garbage-first heap   total 262144K, used 7724K [0x00000000e0000000, 0x0000000100000000)
  region size 1024K, 2 young (2048K), 2 survivors (2048K)
 Metaspace       used 1752K, capacity 5132K, committed 5504K, reserved 262144K
  class space    used 185K, capacity 518K, committed 640K, reserved 253952K
}
Event: 1.693 GC heap before
{Heap before GC invocations=1 (full 0):
 garbage-first heap   total 262144K, used 21036K [0x00000000e0000000, 0x0000000100000000)
  region size 1024K, 15 young (15360K), 2 survivors (2048K)
 Metaspace       used 4054K, capacity 6659K, committed 6784K, reserved 262144K
  class space    used 524K, capacity 773K, committed 896K, reserved 253952K
}
Event: 1.697 GC heap after
{Heap after GC invocations=2 (full 0):
 garbage-first heap   total 262144K, used 8988K [0x00000000e0000000, 0x0000000100000000)
  region size 1024K, 2 young (2048K), 2 survivors (2048K)
 Metaspace       used 4054K, capacity 6659K, committed 6784K, reserved 262144K
  class space    used 524K, capacity 773K, committed 896K, reserved 253952K
}
Event: 2.217 GC heap before
{Heap before GC invocations=2 (full 0):
 garbage-first heap   total 262144K, used 31516K [0x00000000e0000000, 0x0000000100000000)
  region size 1024K, 25 young (25600K), 2 survivors (2048K)
 Metaspace       used 4175K, capacity 6659K, committed 6784K, reserved 262144K
  class space    used 524K, capacity 773K, committed 896K, reserved 253952K
}
Event: 2.221 GC heap after
{Heap after GC invocations=3 (full 0):
 garbage-first heap   total 262144K, used 11742K [0x00000000e0000000, 0x0000000100000000)
  region size 1024K, 4 young (4096K), 4 survivors (4096K)
 Metaspace       used 4175K, capacity 6659K, committed 6784K, reserved 262144K
  class space    used 524K, capacity 773K, committed 896K, reserved 253952K
}
Event: 5.618 GC heap before
{Heap before GC invocations=3 (full 0):
 garbage-first heap   total 262144K, used 143838K [0x00000000e0000000, 0x0000000100000000)
  region size 1024K, 134 young (137216K), 4 survivors (4096K)
 Metaspace       used 20583K, capacity 21211K, committed 21296K, reserved 272384K
  class space    used 3080K, capacity 3288K, committed 3328K, reserved 253952K
}
Event: 5.644 GC heap after
{Heap after GC invocations=4 (full 0):
 garbage-first heap   total 262144K, used 18715K [0x00000000e0000000, 0x0000000100000000)
  region size 1024K, 11 young (11264K), 11 survivors (11264K)
 Metaspace       used 20583K, capacity 21211K, committed 21296K, reserved 272384K
  class space    used 3080K, capacity 3288K, committed 3328K, reserved 253952K
}
Event: 10.507 GC heap before
{Heap before GC invocations=5 (full 0):
 garbage-first heap   total 262144K, used 121115K [0x00000000e0000000, 0x0000000100000000)
  region size 1024K, 109 young (111616K), 11 survivors (11264K)
 Metaspace       used 34865K, capacity 35852K, committed 35920K, reserved 284672K
  class space    used 4850K, capacity 5203K, committed 5248K, reserved 253952K
}
Event: 10.556 GC heap after
{Heap after GC invocations=6 (full 0):
 garbage-first heap   total 262144K, used 25870K [0x00000000e0000000, 0x0000000100000000)
  region size 1024K, 17 young (17408K), 17 survivors (17408K)
 Metaspace       used 34865K, capacity 35852K, committed 35920K, reserved 284672K
  class space    used 4850K, capacity 5203K, committed 5248K, reserved 253952K
}

