# JRE version: Java(TM) SE Runtime Environment (14.0.1+7) (build 14.0.1+7)
# Java VM: Java HotSpot(TM) 64-Bit Server VM (14.0.1+7, mixed mode, sharing, tiered, compressed oops, g1 gc, windows-amd64)
Heap:
 garbage-first heap   total 262144K, used 116149K [0x00000000e0000000, 0x0000000100000000)
  region size 1024K, 106 young (108544K), 17 survivors (17408K)
 Metaspace       used 40428K, capacity 41764K, committed 42064K, reserved 294912K
  class space    used 5739K, capacity 6218K, committed 6272K, reserved 253952K
GC Heap History (10 events):
Event: 1.234 GC heap before
{Heap before GC invocations=0 (full 0):
 garbage-first heap   total 262144K, used 18432K [0x00000000e0000000, 0x0000000100000000)
  region size 1024K, 13 young (13312K), 0 survivors (0K)
 Metaspace       used 1758K, capacity 5132K, committed 5504K, reserved 262144K
  class space    used 185K, capacity 518K, committed 640K, reserved 253952K
}
Event: 1.242 GC heap after
{Heap after GC invocations=1 (full 0):
 garbage-first heap   total 262144K, used 7985K [0x00000000e0000000, 0x0000000100000000)
  region size 1024K, 2 young (2048K), 2 survivors (2048K)
 Metaspace       used 1758K, capacity 5132K, committed 5504K, reserved 262144K
  class space    used 185K, capacity 518K, committed 640K, reserved 253952K
}
Event: 1.965 GC heap before
{Heap before GC invocations=1 (full 0):
 garbage-first heap   total 262144K, used 21297K [0x00000000e0000000, 0x0000000100000000)
  region size 1024K, 15 young (15360K), 2 survivors (2048K)
 Metaspace       used 4073K, capacity 6659K, committed 6784K, reserved 262144K
  class space    used 524K, capacity 773K, committed 896K, reserved 253952K
}
Event: 1.970 GC heap after
{Heap after GC invocations=2 (full 0):
 garbage-first heap   total 262144K, used 9073K [0x00000000e0000000, 0x0000000100000000)
  region size 1024K, 2 young (2048K), 2 survivors (2048K)
 Metaspace       used 4073K, capacity 6659K, committed 6784K, reserved 262144K
  class space    used 524K, capacity 773K, committed 896K, reserved 253952K
}
Event: 2.539 GC heap before
{Heap before GC invocations=2 (full 0):
 garbage-first heap   total 262144K, used 32625K [0x00000000e0000000, 0x0000000100000000)
  region size 1024K, 26 young (26624K), 2 survivors (2048K)
 Metaspace       used 4179K, capacity 6723K, committed 7040K, reserved 262144K
  class space    used 524K, capacity 773K, committed 896K, reserved 253952K
}
Event: 2.543 GC heap after
{Heap after GC invocations=3 (full 0):
 garbage-first heap   total 262144K, used 12743K [0x00000000e0000000, 0x0000000100000000)
  region size 1024K, 4 young (4096K), 4 survivors (4096K)
 Metaspace       used 4179K, capacity 6723K, committed 7040K, reserved 262144K
  class space    used 524K, capacity 773K, committed 896K, reserved 253952K
}
Event: 6.416 GC heap before
{Heap before GC invocations=3 (full 0):
 garbage-first heap   total 262144K, used 144839K [0x00000000e0000000, 0x0000000100000000)
  region size 1024K, 134 young (137216K), 4 survivors (4096K)
 Metaspace       used 20593K, capacity 21243K, committed 21296K, reserved 272384K
  class space    used 3082K, capacity 3320K, committed 3328K, reserved 253952K
}
Event: 6.434 GC heap after
{Heap after GC invocations=4 (full 0):
 garbage-first heap   total 262144K, used 18977K [0x00000000e0000000, 0x0000000100000000)
  region size 1024K, 11 young (11264K), 11 survivors (11264K)
 Metaspace       used 20593K, capacity 21243K, committed 21296K, reserved 272384K
  class space    used 3082K, capacity 3320K, committed 3328K, reserved 253952K
}
Event: 11.233 GC heap before
{Heap before GC invocations=5 (full 0):
 garbage-first heap   total 262144K, used 122401K [0x00000000e0000000, 0x0000000100000000)
  region size 1024K, 110 young (112640K), 11 survivors (11264K)
 Metaspace       used 34883K, capacity 35818K, committed 35920K, reserved 284672K
  class space    used 4847K, capacity 5171K, committed 5248K, reserved 253952K
}
Event: 11.264 GC heap after
{Heap after GC invocations=6 (full 0):
 garbage-first heap   total 262144K, used 26037K [0x00000000e0000000, 0x0000000100000000)
  region size 1024K, 17 young (17408K), 17 survivors (17408K)
 Metaspace       used 34883K, capacity 35818K, committed 35920K, reserved 284672K
  class space    used 4847K, capacity 5171K, committed 5248K, reserved 253952K
}

